build/outputs/logs/manifest-merger-release-report.txt
-- Merging decision tree log ---
manifest
ADDED from src\main\AndroidManifest.xml:2:1-20:12
	package
		ADDED from src\main\AndroidManifest.xml:3:2-20
		INJECTED from src\main\AndroidManifest.xml
		INJECTED from src\main\AndroidManifest.xml
	android:versionName
		ADDED from src\main\AndroidManifest.xml:3:45-70
		INJECTED from src\main\AndroidManifest.xml
		INJECTED from src\main\AndroidManifest.xml
	android:versionCode
		ADDED from src\main\AndroidManifest.xml:3:21-44
		INJECTED from src\main\AndroidManifest.xml
		INJECTED from src\main\AndroidManifest.xml
	xmlns:android
		ADDED from src\main\AndroidManifest.xml:2:11-69
application
ADDED from src\main\AndroidManifest.xml:4:2-15:16
	android:label
		ADDED from src\main\AndroidManifest.xml:4:45-77
	android:icon
		ADDED from src\main\AndroidManifest.xml:4:15-44
activity#com.himi.MainActivity
ADDED from src\main\AndroidManifest.xml:5:3-10:14
	android:label
		ADDED from src\main\AndroidManifest.xml:5:42-74
	android:name
		ADDED from src\main\AndroidManifest.xml:5:13-41
intent-filter#android.intent.action.MAIN+android.intent.category.LAUNCHER
ADDED from src\main\AndroidManifest.xml:6:4-9:20
action#android.intent.action.MAIN
ADDED from src\main\AndroidManifest.xml:7:5-57
	android:name
		ADDED from src\main\AndroidManifest.xml:7:13-54
category#android.intent.category.LAUNCHER
ADDED from src\main\AndroidManifest.xml:8:5-65
	android:name
		ADDED from src\main\AndroidManifest.xml:8:15-62
activity#com.himi.ChoiceDrivesList
ADDED from src\main\AndroidManifest.xml:11:3-14:14
	android:screenOrientation
		ADDED from src\main\AndroidManifest.xml:13:4-40
	android:label
		ADDED from src\main\AndroidManifest.xml:11:46-89
	android:configChanges
		ADDED from src\main\AndroidManifest.xml:12:4-54
	android:theme
		ADDED from src\main\AndroidManifest.xml:13:41-84
	android:name
		ADDED from src\main\AndroidManifest.xml:11:13-45
uses-permission#android.permission.BLUETOOTH
ADDED from src\main\AndroidManifest.xml:17:2-65
	android:name
		ADDED from src\main\AndroidManifest.xml:17:19-62
uses-permission#android.permission.BLUETOOTH_ADMIN
ADDED from src\main\AndroidManifest.xml:19:2-71
	android:name
		ADDED from src\main\AndroidManifest.xml:19:19-68